This file contains any messages produced by compilers while
running configure, to aid debugging if configure makes a mistake.

It was created by configure, which was
generated by GNU Autoconf 2.69.  Invocation command line was

  $ ./configure --disable-option-checking --prefix=/usr/local --with-openssl=/usr/local/opt/openssl@1.1/ --with-libssl-prefix=/usr/local/Cellar/libssh2/1.9.0_1 --with-libssl-prefix=/usr/local/opt/openssl@1.1/ --cache-file=/dev/null --srcdir=.

## --------- ##
## Platform. ##
## --------- ##

hostname = localhost.local
uname -m = x86_64
uname -r = 19.6.0
uname -s = Darwin
uname -v = Darwin Kernel Version 19.6.0: Tue Nov 10 00:10:30 PST 2020; root:xnu-6153.141.10~1/RELEASE_X86_64

/usr/bin/uname -p = i386
/bin/uname -X     = unknown

/bin/arch              = unknown
/usr/bin/arch -k       = unknown
/usr/convex/getsysinfo = unknown
/usr/bin/hostinfo      = Mach kernel version:
	 Darwin Kernel Version 19.6.0: Tue Nov 10 00:10:30 PST 2020; root:xnu-6153.141.10~1/RELEASE_X86_64
Kernel configured for up to 16 processors.
8 processors are physically available.
16 processors are logically available.
Processor type: x86_64h (Intel x86-64h Haswell)
Processors active: 0 1 2 3 4 5 6 7 8 9 10 11 12 13 14 15
Primary memory available: 16.00 gigabytes
Default processor set: 483 tasks, 2376 threads, 16 processors
Load average: 3.46, Mach factor: 12.53
/bin/machine           = unknown
/usr/bin/oslevel       = unknown
/bin/universe          = unknown

PATH: /usr/local/opt/openssl@1.1/bin
PATH: /Users/cyan/.pyenv/shims
PATH: /Users/cyan/go/bin
PATH: /usr/local/bin
PATH: /usr/bin
PATH: /bin
PATH: /usr/sbin
PATH: /sbin


## ----------- ##
## Core tests. ##
## ----------- ##

configure:2297: checking build system type
configure:2311: result: x86_64-apple-darwin19.6.0
configure:2331: checking host system type
configure:2344: result: x86_64-apple-darwin19.6.0
configure:2412: checking for gcc
configure:2428: found /usr/bin/gcc
configure:2439: result: gcc
configure:2668: checking for C compiler version
configure:2677: gcc --version >&5
Apple clang version 12.0.0 (clang-1200.0.32.28)
Target: x86_64-apple-darwin19.6.0
Thread model: posix
InstalledDir: /Library/Developer/CommandLineTools/usr/bin
Configured with: --prefix=/Library/Developer/CommandLineTools/usr --with-gxx-include-dir=/Library/Developer/CommandLineTools/SDKs/MacOSX10.15.sdk/usr/include/c++/4.2.1
configure:2688: $? = 0
configure:2677: gcc -v >&5
Configured with: --prefix=/Library/Developer/CommandLineTools/usr --with-gxx-include-dir=/Library/Developer/CommandLineTools/SDKs/MacOSX10.15.sdk/usr/include/c++/4.2.1
Apple clang version 12.0.0 (clang-1200.0.32.28)
Target: x86_64-apple-darwin19.6.0
Thread model: posix
InstalledDir: /Library/Developer/CommandLineTools/usr/bin
configure:2688: $? = 0
configure:2677: gcc -V >&5
clang: error: argument to '-V' is missing (expected 1 value)
clang: error: no input files
configure:2688: $? = 1
configure:2677: gcc -qversion >&5
clang: error: unknown argument '-qversion'; did you mean '--version'?
clang: error: no input files
configure:2688: $? = 1
configure:2708: checking whether the C compiler works
configure:2730: gcc    conftest.c  >&5
configure:2734: $? = 0
configure:2782: result: yes
configure:2785: checking for C compiler default output file name
configure:2787: result: a.out
configure:2793: checking for suffix of executables
configure:2800: gcc -o conftest    conftest.c  >&5
configure:2804: $? = 0
configure:2826: result: 
configure:2848: checking whether we are cross compiling
configure:2856: gcc -o conftest    conftest.c  >&5
configure:2860: $? = 0
configure:2867: ./conftest
configure:2871: $? = 0
configure:2886: result: no
configure:2891: checking for suffix of object files
configure:2913: gcc -c   conftest.c >&5
configure:2917: $? = 0
configure:2938: result: o
configure:2942: checking whether we are using the GNU C compiler
configure:2961: gcc -c   conftest.c >&5
configure:2961: $? = 0
configure:2970: result: yes
configure:2979: checking whether gcc accepts -g
configure:2999: gcc -c -g  conftest.c >&5
configure:2999: $? = 0
configure:3040: result: yes
configure:3057: checking for gcc option to accept ISO C89
configure:3120: gcc  -c -g -O2  conftest.c >&5
configure:3120: $? = 0
configure:3133: result: none needed
configure:3154: checking for inline
configure:3170: gcc -c -g -O2  conftest.c >&5
configure:3170: $? = 0
configure:3178: result: inline
configure:3245: checking for gcc
configure:3272: result: gcc
configure:3501: checking for C compiler version
configure:3510: gcc --version >&5
Apple clang version 12.0.0 (clang-1200.0.32.28)
Target: x86_64-apple-darwin19.6.0
Thread model: posix
InstalledDir: /Library/Developer/CommandLineTools/usr/bin
Configured with: --prefix=/Library/Developer/CommandLineTools/usr --with-gxx-include-dir=/Library/Developer/CommandLineTools/SDKs/MacOSX10.15.sdk/usr/include/c++/4.2.1
configure:3521: $? = 0
configure:3510: gcc -v >&5
Configured with: --prefix=/Library/Developer/CommandLineTools/usr --with-gxx-include-dir=/Library/Developer/CommandLineTools/SDKs/MacOSX10.15.sdk/usr/include/c++/4.2.1
Apple clang version 12.0.0 (clang-1200.0.32.28)
Target: x86_64-apple-darwin19.6.0
Thread model: posix
InstalledDir: /Library/Developer/CommandLineTools/usr/bin
configure:3521: $? = 0
configure:3510: gcc -V >&5
clang: error: argument to '-V' is missing (expected 1 value)
clang: error: no input files
configure:3521: $? = 1
configure:3510: gcc -qversion >&5
clang: error: unknown argument '-qversion'; did you mean '--version'?
clang: error: no input files
configure:3521: $? = 1
configure:3525: checking whether we are using the GNU C compiler
configure:3553: result: yes
configure:3562: checking whether gcc accepts -g
configure:3623: result: yes
configure:3640: checking for gcc option to accept ISO C89
configure:3716: result: none needed
configure:3794: checking for g++
configure:3810: found /usr/bin/g++
configure:3821: result: g++
configure:3848: checking for C++ compiler version
configure:3857: g++ --version >&5
Apple clang version 12.0.0 (clang-1200.0.32.28)
Target: x86_64-apple-darwin19.6.0
Thread model: posix
InstalledDir: /Library/Developer/CommandLineTools/usr/bin
Configured with: --prefix=/Library/Developer/CommandLineTools/usr --with-gxx-include-dir=/Library/Developer/CommandLineTools/SDKs/MacOSX10.15.sdk/usr/include/c++/4.2.1
configure:3868: $? = 0
configure:3857: g++ -v >&5
Configured with: --prefix=/Library/Developer/CommandLineTools/usr --with-gxx-include-dir=/Library/Developer/CommandLineTools/SDKs/MacOSX10.15.sdk/usr/include/c++/4.2.1
Apple clang version 12.0.0 (clang-1200.0.32.28)
Target: x86_64-apple-darwin19.6.0
Thread model: posix
InstalledDir: /Library/Developer/CommandLineTools/usr/bin
configure:3868: $? = 0
configure:3857: g++ -V >&5
clang: error: argument to '-V' is missing (expected 1 value)
clang: error: no input files
configure:3868: $? = 1
configure:3857: g++ -qversion >&5
clang: error: unknown argument '-qversion'; did you mean '--version'?
clang: error: no input files
configure:3868: $? = 1
configure:3872: checking whether we are using the GNU C++ compiler
configure:3891: g++ -c   conftest.cpp >&5
configure:3891: $? = 0
configure:3900: result: yes
configure:3909: checking whether g++ accepts -g
configure:3929: g++ -c -g  conftest.cpp >&5
configure:3929: $? = 0
configure:3970: result: yes
configure:4007: checking for a BSD-compatible install
configure:4075: result: /usr/bin/install -c
configure:4091: checking whether the compiler is gcc 4 or greater
configure:4112: result: yes
configure:4122: checking for __func__
configure:4138: gcc -c -g -O2  conftest.c >&5
configure:4138: $? = 0
configure:4145: result: yes
configure:4230: checking for strip
configure:4248: found /usr/bin/strip
configure:4260: result: /usr/bin/strip
configure:4290: checking how to run the C preprocessor
configure:4321: gcc -E  conftest.c
configure:4321: $? = 0
configure:4335: gcc -E  conftest.c
conftest.c:9:10: fatal error: 'ac_nonexistent.h' file not found
#include <ac_nonexistent.h>
         ^~~~~~~~~~~~~~~~~~
1 error generated.
configure:4335: $? = 1
configure: failed program was:
| /* confdefs.h */
| #define PACKAGE_NAME ""
| #define PACKAGE_TARNAME ""
| #define PACKAGE_VERSION ""
| #define PACKAGE_STRING ""
| #define PACKAGE_BUGREPORT ""
| #define PACKAGE_URL ""
| /* end confdefs.h.  */
| #include <ac_nonexistent.h>
configure:4360: result: gcc -E
configure:4380: gcc -E  conftest.c
configure:4380: $? = 0
configure:4394: gcc -E  conftest.c
conftest.c:9:10: fatal error: 'ac_nonexistent.h' file not found
#include <ac_nonexistent.h>
         ^~~~~~~~~~~~~~~~~~
1 error generated.
configure:4394: $? = 1
configure: failed program was:
| /* confdefs.h */
| #define PACKAGE_NAME ""
| #define PACKAGE_TARNAME ""
| #define PACKAGE_VERSION ""
| #define PACKAGE_STRING ""
| #define PACKAGE_BUGREPORT ""
| #define PACKAGE_URL ""
| /* end confdefs.h.  */
| #include <ac_nonexistent.h>
configure:4423: checking for grep that handles long lines and -e
configure:4481: result: /usr/bin/grep
configure:4486: checking for egrep
configure:4548: result: /usr/bin/grep -E
configure:4553: checking for ANSI C header files
configure:4573: gcc -c -g -O2  conftest.c >&5
configure:4573: $? = 0
configure:4646: gcc -o conftest -g -O2   conftest.c  >&5
configure:4646: $? = 0
configure:4646: ./conftest
configure:4646: $? = 0
configure:4657: result: yes
configure:4670: checking for sys/types.h
configure:4670: gcc -c -g -O2  conftest.c >&5
configure:4670: $? = 0
configure:4670: result: yes
configure:4670: checking for sys/stat.h
configure:4670: gcc -c -g -O2  conftest.c >&5
configure:4670: $? = 0
configure:4670: result: yes
configure:4670: checking for stdlib.h
configure:4670: gcc -c -g -O2  conftest.c >&5
configure:4670: $? = 0
configure:4670: result: yes
configure:4670: checking for string.h
configure:4670: gcc -c -g -O2  conftest.c >&5
configure:4670: $? = 0
configure:4670: result: yes
configure:4670: checking for memory.h
configure:4670: gcc -c -g -O2  conftest.c >&5
configure:4670: $? = 0
configure:4670: result: yes
configure:4670: checking for strings.h
configure:4670: gcc -c -g -O2  conftest.c >&5
configure:4670: $? = 0
configure:4670: result: yes
configure:4670: checking for inttypes.h
configure:4670: gcc -c -g -O2  conftest.c >&5
configure:4670: $? = 0
configure:4670: result: yes
configure:4670: checking for stdint.h
configure:4670: gcc -c -g -O2  conftest.c >&5
configure:4670: $? = 0
configure:4670: result: yes
configure:4670: checking for unistd.h
configure:4670: gcc -c -g -O2  conftest.c >&5
configure:4670: $? = 0
configure:4670: result: yes
configure:4685: checking pwd.h usability
configure:4685: gcc -c -g -O2  conftest.c >&5
configure:4685: $? = 0
configure:4685: result: yes
configure:4685: checking pwd.h presence
configure:4685: gcc -E  conftest.c
configure:4685: $? = 0
configure:4685: result: yes
configure:4685: checking for pwd.h
configure:4685: result: yes
configure:4685: checking termios.h usability
configure:4685: gcc -c -g -O2  conftest.c >&5
configure:4685: $? = 0
configure:4685: result: yes
configure:4685: checking termios.h presence
configure:4685: gcc -E  conftest.c
configure:4685: $? = 0
configure:4685: result: yes
configure:4685: checking for termios.h
configure:4685: result: yes
configure:4685: checking sys/sockio.h usability
configure:4685: gcc -c -g -O2  conftest.c >&5
configure:4685: $? = 0
configure:4685: result: yes
configure:4685: checking sys/sockio.h presence
configure:4685: gcc -E  conftest.c
configure:4685: $? = 0
configure:4685: result: yes
configure:4685: checking for sys/sockio.h
configure:4685: result: yes
configure:4696: checking for library containing setsockopt
configure:4727: gcc -o conftest -g -O2   conftest.c  >&5
configure:4727: $? = 0
configure:4744: result: none required
configure:4752: checking for library containing gethostbyname
configure:4783: gcc -o conftest -g -O2   conftest.c  >&5
configure:4783: $? = 0
configure:4800: result: none required
configure:4810: checking for library containing dlopen
configure:4841: gcc -o conftest -g -O2   conftest.c  >&5
configure:4841: $? = 0
configure:4858: result: none required
configure:4868: checking for library containing nl_handle_alloc
configure:4899: gcc -o conftest -g -O2   conftest.c  >&5
Undefined symbols for architecture x86_64:
  "_nl_handle_alloc", referenced from:
      _main in conftest-d55912.o
ld: symbol(s) not found for architecture x86_64
clang: error: linker command failed with exit code 1 (use -v to see invocation)
configure:4899: $? = 1
configure: failed program was:
| /* confdefs.h */
| #define PACKAGE_NAME ""
| #define PACKAGE_TARNAME ""
| #define PACKAGE_VERSION ""
| #define PACKAGE_STRING ""
| #define PACKAGE_BUGREPORT ""
| #define PACKAGE_URL ""
| #define STDC_HEADERS 1
| #define HAVE_SYS_TYPES_H 1
| #define HAVE_SYS_STAT_H 1
| #define HAVE_STDLIB_H 1
| #define HAVE_STRING_H 1
| #define HAVE_MEMORY_H 1
| #define HAVE_STRINGS_H 1
| #define HAVE_INTTYPES_H 1
| #define HAVE_STDINT_H 1
| #define HAVE_UNISTD_H 1
| #define HAVE_PWD_H 1
| #define HAVE_TERMIOS_H 1
| #define HAVE_SYS_SOCKIO_H 1
| /* end confdefs.h.  */
| 
| /* Override any GCC internal prototype to avoid an error.
|    Use char because int might match the return type of a GCC
|    builtin and then its argument prototype would still apply.  */
| #ifdef __cplusplus
| extern "C"
| #endif
| char nl_handle_alloc ();
| int
| main ()
| {
| return nl_handle_alloc ();
|   ;
|   return 0;
| }
configure:4899: gcc -o conftest -g -O2   conftest.c -lnl   >&5
ld: library not found for -lnl
clang: error: linker command failed with exit code 1 (use -v to see invocation)
configure:4899: $? = 1
configure: failed program was:
| /* confdefs.h */
| #define PACKAGE_NAME ""
| #define PACKAGE_TARNAME ""
| #define PACKAGE_VERSION ""
| #define PACKAGE_STRING ""
| #define PACKAGE_BUGREPORT ""
| #define PACKAGE_URL ""
| #define STDC_HEADERS 1
| #define HAVE_SYS_TYPES_H 1
| #define HAVE_SYS_STAT_H 1
| #define HAVE_STDLIB_H 1
| #define HAVE_STRING_H 1
| #define HAVE_MEMORY_H 1
| #define HAVE_STRINGS_H 1
| #define HAVE_INTTYPES_H 1
| #define HAVE_STDINT_H 1
| #define HAVE_UNISTD_H 1
| #define HAVE_PWD_H 1
| #define HAVE_TERMIOS_H 1
| #define HAVE_SYS_SOCKIO_H 1
| /* end confdefs.h.  */
| 
| /* Override any GCC internal prototype to avoid an error.
|    Use char because int might match the return type of a GCC
|    builtin and then its argument prototype would still apply.  */
| #ifdef __cplusplus
| extern "C"
| #endif
| char nl_handle_alloc ();
| int
| main ()
| {
| return nl_handle_alloc ();
|   ;
|   return 0;
| }
configure:4916: result: no
configure:5092: checking pcap.h usability
configure:5092: gcc -c -g -O2  -I/usr/local/opt/openssl@1.1//include conftest.c >&5
configure:5092: $? = 0
configure:5092: result: yes
configure:5092: checking pcap.h presence
configure:5092: gcc -E  -I/usr/local/opt/openssl@1.1//include conftest.c
configure:5092: $? = 0
configure:5092: result: yes
configure:5092: checking for pcap.h
configure:5092: result: yes
configure:5095: checking for pcap_create in -lpcap
configure:5120: gcc -o conftest -g -O2  -I/usr/local/opt/openssl@1.1//include  -L/usr/local/opt/openssl@1.1//lib conftest.c -lpcap   >&5
configure:5120: $? = 0
configure:5129: result: yes
configure:5223: checking sys/ioccom.h usability
configure:5223: gcc -c -g -O2  -I/usr/local/opt/openssl@1.1//include conftest.c >&5
configure:5223: $? = 0
configure:5223: result: yes
configure:5223: checking sys/ioccom.h presence
configure:5223: gcc -E  -I/usr/local/opt/openssl@1.1//include conftest.c
configure:5223: $? = 0
configure:5223: result: yes
configure:5223: checking for sys/ioccom.h
configure:5223: result: yes
configure:5223: checking sys/time.h usability
configure:5223: gcc -c -g -O2  -I/usr/local/opt/openssl@1.1//include conftest.c >&5
configure:5223: $? = 0
configure:5223: result: yes
configure:5223: checking sys/time.h presence
configure:5223: gcc -E  -I/usr/local/opt/openssl@1.1//include conftest.c
configure:5223: $? = 0
configure:5223: result: yes
configure:5223: checking for sys/time.h
configure:5223: result: yes
configure:5223: checking net/bpf.h usability
configure:5223: gcc -c -g -O2  -I/usr/local/opt/openssl@1.1//include conftest.c >&5
configure:5223: $? = 0
configure:5223: result: yes
configure:5223: checking net/bpf.h presence
configure:5223: gcc -E  -I/usr/local/opt/openssl@1.1//include conftest.c
configure:5223: $? = 0
configure:5223: result: yes
configure:5223: checking for net/bpf.h
configure:5223: result: yes
configure:5233: checking if libpcap is suitable
configure:5257: gcc -o conftest -g -O2  -I/usr/local/opt/openssl@1.1//include  -L/usr/local/opt/openssl@1.1//lib conftest.c  -lpcap >&5
configure:5257: $? = 0
configure:5257: ./conftest
configure:5257: $? = 0
configure:5295: gcc -o conftest -g -O2  -I/usr/local/opt/openssl@1.1//include  -L/usr/local/opt/openssl@1.1//lib conftest.c  -lpcap >&5
configure:5295: $? = 0
configure:5295: ./conftest
configure:5295: $? = 0
configure:5297: checking whether pcap_get_selectable_fd is declared
configure:5297: gcc -c -g -O2  -I/usr/local/opt/openssl@1.1//include conftest.c >&5
configure:5297: $? = 0
configure:5297: result: yes
configure:5300: result: yes
configure:5420: checking if sockaddr{} has sa_len member
configure:5438: gcc -c -g -O2 -I../libdnet-stripped/include  -I/usr/local/opt/openssl@1.1//include conftest.c >&5
configure:5438: $? = 0
configure:5445: result: yes
configure:5454: checking if sockaddr_in{} has sin_len member
configure:5473: gcc -c -g -O2 -I../libdnet-stripped/include  -I/usr/local/opt/openssl@1.1//include conftest.c >&5
configure:5473: $? = 0
configure:5480: result: yes
configure:5489: checking if sockaddr_in6{} has sin6_len member
configure:5508: gcc -c -g -O2 -I../libdnet-stripped/include  -I/usr/local/opt/openssl@1.1//include conftest.c >&5
configure:5508: $? = 0
configure:5515: result: yes
configure:5525: checking whether byte ordering is bigendian
configure:5540: gcc -c -g -O2 -I../libdnet-stripped/include  -I/usr/local/opt/openssl@1.1//include conftest.c >&5
configure:5540: $? = 0
configure:5585: gcc -c -g -O2 -I../libdnet-stripped/include  -I/usr/local/opt/openssl@1.1//include conftest.c >&5
configure:5585: $? = 0
configure:5603: gcc -c -g -O2 -I../libdnet-stripped/include  -I/usr/local/opt/openssl@1.1//include conftest.c >&5
conftest.c:37:4: error: use of undeclared identifier 'not'
                 not big endian
                 ^
1 error generated.
configure:5603: $? = 1
configure: failed program was:
| /* confdefs.h */
| #define PACKAGE_NAME ""
| #define PACKAGE_TARNAME ""
| #define PACKAGE_VERSION ""
| #define PACKAGE_STRING ""
| #define PACKAGE_BUGREPORT ""
| #define PACKAGE_URL ""
| #define STDC_HEADERS 1
| #define HAVE_SYS_TYPES_H 1
| #define HAVE_SYS_STAT_H 1
| #define HAVE_STDLIB_H 1
| #define HAVE_STRING_H 1
| #define HAVE_MEMORY_H 1
| #define HAVE_STRINGS_H 1
| #define HAVE_INTTYPES_H 1
| #define HAVE_STDINT_H 1
| #define HAVE_UNISTD_H 1
| #define HAVE_PWD_H 1
| #define HAVE_TERMIOS_H 1
| #define HAVE_SYS_SOCKIO_H 1
| #define HAVE_OPENSSL 1
| #define HAVE_SYS_IOCCOM_H 1
| #define HAVE_SYS_TIME_H 1
| #define HAVE_NET_BPF_H 1
| #define HAVE_LIBPCAP 1
| #define HAVE_SOCKADDR_SA_LEN 1
| #define HAVE_SOCKADDR_IN_SIN_LEN 1
| #define HAVE_SOCKADDR_IN6_SIN6_LEN 1
| /* end confdefs.h.  */
| #include <sys/types.h>
| 		#include <sys/param.h>
| 
| int
| main ()
| {
| #if BYTE_ORDER != BIG_ENDIAN
| 		 not big endian
| 		#endif
| 
|   ;
|   return 0;
| }
configure:5731: result: no
configure:5750: checking if struct in_addr is a wacky huge structure (some Sun boxes)
configure:5765: gcc -c -g -O2 -I../libdnet-stripped/include  -I/usr/local/opt/openssl@1.1//include conftest.c >&5
conftest.c:34:21: error: no member named '_S_un' in 'struct in_addr'
struct in_addr i; i._S_un._S_addr;
                  ~ ^
1 error generated.
configure:5765: $? = 1
configure: failed program was:
| /* confdefs.h */
| #define PACKAGE_NAME ""
| #define PACKAGE_TARNAME ""
| #define PACKAGE_VERSION ""
| #define PACKAGE_STRING ""
| #define PACKAGE_BUGREPORT ""
| #define PACKAGE_URL ""
| #define STDC_HEADERS 1
| #define HAVE_SYS_TYPES_H 1
| #define HAVE_SYS_STAT_H 1
| #define HAVE_STDLIB_H 1
| #define HAVE_STRING_H 1
| #define HAVE_MEMORY_H 1
| #define HAVE_STRINGS_H 1
| #define HAVE_INTTYPES_H 1
| #define HAVE_STDINT_H 1
| #define HAVE_UNISTD_H 1
| #define HAVE_PWD_H 1
| #define HAVE_TERMIOS_H 1
| #define HAVE_SYS_SOCKIO_H 1
| #define HAVE_OPENSSL 1
| #define HAVE_SYS_IOCCOM_H 1
| #define HAVE_SYS_TIME_H 1
| #define HAVE_NET_BPF_H 1
| #define HAVE_LIBPCAP 1
| #define HAVE_SOCKADDR_SA_LEN 1
| #define HAVE_SOCKADDR_IN_SIN_LEN 1
| #define HAVE_SOCKADDR_IN6_SIN6_LEN 1
| /* end confdefs.h.  */
| #include <netinet/in.h>
| int
| main ()
| {
| struct in_addr i; i._S_un._S_addr;
|   ;
|   return 0;
| }
configure:5785: gcc -c -g -O2 -I../libdnet-stripped/include  -I/usr/local/opt/openssl@1.1//include conftest.c >&5
conftest.c:35:21: error: no member named 'S_un' in 'struct in_addr'
struct in_addr i; i.S_un.S_addr;
                  ~ ^
1 error generated.
configure:5785: $? = 1
configure: failed program was:
| /* confdefs.h */
| #define PACKAGE_NAME ""
| #define PACKAGE_TARNAME ""
| #define PACKAGE_VERSION ""
| #define PACKAGE_STRING ""
| #define PACKAGE_BUGREPORT ""
| #define PACKAGE_URL ""
| #define STDC_HEADERS 1
| #define HAVE_SYS_TYPES_H 1
| #define HAVE_SYS_STAT_H 1
| #define HAVE_STDLIB_H 1
| #define HAVE_STRING_H 1
| #define HAVE_MEMORY_H 1
| #define HAVE_STRINGS_H 1
| #define HAVE_INTTYPES_H 1
| #define HAVE_STDINT_H 1
| #define HAVE_UNISTD_H 1
| #define HAVE_PWD_H 1
| #define HAVE_TERMIOS_H 1
| #define HAVE_SYS_SOCKIO_H 1
| #define HAVE_OPENSSL 1
| #define HAVE_SYS_IOCCOM_H 1
| #define HAVE_SYS_TIME_H 1
| #define HAVE_NET_BPF_H 1
| #define HAVE_LIBPCAP 1
| #define HAVE_SOCKADDR_SA_LEN 1
| #define HAVE_SOCKADDR_IN_SIN_LEN 1
| #define HAVE_SOCKADDR_IN6_SIN6_LEN 1
| /* end confdefs.h.  */
| #include <sys/types.h>
| #include <netinet/in.h>
| int
| main ()
| {
| struct in_addr i; i.S_un.S_addr;
|   ;
|   return 0;
| }
configure:5793: result: no
configure:5835: checking if struct ip has ip_sum member
configure:5860: gcc -c -g -O2 -I../libdnet-stripped/include  -I/usr/local/opt/openssl@1.1//include conftest.c >&5
configure:5860: $? = 0
configure:5867: result: yes
configure:5875: checking if function signal is accessible
configure:5902: gcc -c -g -O2 -I../libdnet-stripped/include  -I/usr/local/opt/openssl@1.1//include conftest.c >&5
conftest.c:38:44: error: function definition is not allowed here
                    void handler(int signo){
                                           ^
conftest.c:42:33: error: function definition is not allowed here
                    int main () {
                                ^
2 errors generated.
configure:5902: $? = 1
configure: failed program was:
| /* confdefs.h */
| #define PACKAGE_NAME ""
| #define PACKAGE_TARNAME ""
| #define PACKAGE_VERSION ""
| #define PACKAGE_STRING ""
| #define PACKAGE_BUGREPORT ""
| #define PACKAGE_URL ""
| #define STDC_HEADERS 1
| #define HAVE_SYS_TYPES_H 1
| #define HAVE_SYS_STAT_H 1
| #define HAVE_STDLIB_H 1
| #define HAVE_STRING_H 1
| #define HAVE_MEMORY_H 1
| #define HAVE_STRINGS_H 1
| #define HAVE_INTTYPES_H 1
| #define HAVE_STDINT_H 1
| #define HAVE_UNISTD_H 1
| #define HAVE_PWD_H 1
| #define HAVE_TERMIOS_H 1
| #define HAVE_SYS_SOCKIO_H 1
| #define HAVE_OPENSSL 1
| #define HAVE_SYS_IOCCOM_H 1
| #define HAVE_SYS_TIME_H 1
| #define HAVE_NET_BPF_H 1
| #define HAVE_LIBPCAP 1
| #define HAVE_SOCKADDR_SA_LEN 1
| #define HAVE_SOCKADDR_IN_SIN_LEN 1
| #define HAVE_SOCKADDR_IN6_SIN6_LEN 1
| #define HAVE_IP_IP_SUM 1
| /* end confdefs.h.  */
| 
|                     #include <signal.h>
| 
| int
| main ()
| {
| 
|                     void handler(int signo){
|                      int a=0;
|                     }
| 
|                     int main () {
|                         ssignal(SIGINT, handler);
|                         return 0;
|                     }
| 
|   ;
|   return 0;
| }
configure:5909: result: no
configure:6204: checking for main in -lm
configure:6223: gcc -o conftest -g -O2 -I../libdnet-stripped/include  -I/usr/local/opt/openssl@1.1//include  -L/usr/local/opt/openssl@1.1//lib conftest.c -lm   >&5
configure:6223: $? = 0
configure:6232: result: yes
configure:6255: checking for strerror
configure:6255: gcc -o conftest -g -O2 -I../libdnet-stripped/include  -I/usr/local/opt/openssl@1.1//include  -L/usr/local/opt/openssl@1.1//lib conftest.c -lm  >&5
conftest.c:56:6: warning: incompatible redeclaration of library function 'strerror' [-Wincompatible-library-redeclaration]
char strerror ();
     ^
conftest.c:56:6: note: 'strerror' is a builtin with type 'char *(int)'
1 warning generated.
configure:6255: $? = 0
configure:6255: result: yes
configure:6383: creating ./config.status

## ---------------------- ##
## Running config.status. ##
## ---------------------- ##

This file was extended by config.status, which was
generated by GNU Autoconf 2.69.  Invocation command line was

  CONFIG_FILES    = 
  CONFIG_HEADERS  = 
  CONFIG_LINKS    = 
  CONFIG_COMMANDS = 
  $ ./config.status 

on localhost.local

config.status:843: creating Makefile
config.status:843: creating nping_config.h

## ---------------- ##
## Cache variables. ##
## ---------------- ##

ac_cv_build=x86_64-apple-darwin19.6.0
ac_cv_c_bigendian=no
ac_cv_c_compiler_gnu=yes
ac_cv_c_inline=inline
ac_cv_cxx_compiler_gnu=yes
ac_cv_env_CCC_set=
ac_cv_env_CCC_value=
ac_cv_env_CC_set=
ac_cv_env_CC_value=
ac_cv_env_CFLAGS_set=
ac_cv_env_CFLAGS_value=
ac_cv_env_CPPFLAGS_set=
ac_cv_env_CPPFLAGS_value=
ac_cv_env_CPP_set=
ac_cv_env_CPP_value=
ac_cv_env_CXXFLAGS_set=
ac_cv_env_CXXFLAGS_value=
ac_cv_env_CXX_set=
ac_cv_env_CXX_value=
ac_cv_env_LDFLAGS_set=
ac_cv_env_LDFLAGS_value=
ac_cv_env_LIBS_set=
ac_cv_env_LIBS_value=
ac_cv_env_build_alias_set=
ac_cv_env_build_alias_value=
ac_cv_env_host_alias_set=
ac_cv_env_host_alias_value=
ac_cv_env_target_alias_set=
ac_cv_env_target_alias_value=
ac_cv_func_strerror=yes
ac_cv_have_decl_pcap_get_selectable_fd=yes
ac_cv_have_signal=no
ac_cv_header_inttypes_h=yes
ac_cv_header_memory_h=yes
ac_cv_header_net_bpf_h=yes
ac_cv_header_pcap_h=yes
ac_cv_header_pwd_h=yes
ac_cv_header_stdc=yes
ac_cv_header_stdint_h=yes
ac_cv_header_stdlib_h=yes
ac_cv_header_string_h=yes
ac_cv_header_strings_h=yes
ac_cv_header_sys_ioccom_h=yes
ac_cv_header_sys_sockio_h=yes
ac_cv_header_sys_stat_h=yes
ac_cv_header_sys_time_h=yes
ac_cv_header_sys_types_h=yes
ac_cv_header_termios_h=yes
ac_cv_header_unistd_h=yes
ac_cv_host=x86_64-apple-darwin19.6.0
ac_cv_ip_has_ip_sum=yes
ac_cv_lib_m_main=yes
ac_cv_lib_pcap_pcap_create=yes
ac_cv_objext=o
ac_cv_path_EGREP='/usr/bin/grep -E'
ac_cv_path_GREP=/usr/bin/grep
ac_cv_path_ac_pt_STRIP=/usr/bin/strip
ac_cv_path_install='/usr/bin/install -c'
ac_cv_prog_CPP='gcc -E'
ac_cv_prog_ac_ct_CC=gcc
ac_cv_prog_ac_ct_CXX=g++
ac_cv_prog_cc_c89=
ac_cv_prog_cc_g=yes
ac_cv_prog_cxx_g=yes
ac_cv_search_dlopen='none required'
ac_cv_search_gethostbyname='none required'
ac_cv_search_nl_handle_alloc=no
ac_cv_search_setsockopt='none required'
ac_cv_sockaddr_has_sa_len=yes
ac_cv_sockaddr_in6_has_sin6_len=yes
ac_cv_sockaddr_in_has_sin_len=yes

## ----------------- ##
## Output variables. ##
## ----------------- ##

CC='gcc'
CFLAGS='-g -O2'
CPP='gcc -E'
CPPFLAGS='-I../libdnet-stripped/include  -I/usr/local/opt/openssl@1.1//include'
CXX='g++'
CXXFLAGS='-g -O2 -Wall  -fno-strict-aliasing'
DEFS='-DHAVE_CONFIG_H'
DNET_BUILD='build-dnet'
DNET_CLEAN='clean-dnet'
DNET_DEPENDS='../libdnet-stripped/src/.libs/libdnet.a'
DNET_DIST_CLEAN='distclean-dnet'
ECHO_C='\c'
ECHO_N=''
ECHO_T=''
EGREP='/usr/bin/grep -E'
EXEEXT=''
GREP='/usr/bin/grep'
INSTALL_DATA='${INSTALL} -m 644'
INSTALL_PROGRAM='${INSTALL}'
INSTALL_SCRIPT='${INSTALL}'
LDFLAGS=' -L/usr/local/opt/openssl@1.1//lib'
LIBDNETDIR='../libdnet-stripped'
LIBDNET_LIBS='../libdnet-stripped/src/.libs/libdnet.a'
LIBOBJS=''
LIBPCAP_LIBS='-lpcap'
LIBS='-lm '
LTLIBOBJS=''
OBJEXT='o'
OPENSSL_LIBS='-lssl -lcrypto'
PACKAGE_BUGREPORT=''
PACKAGE_NAME=''
PACKAGE_STRING=''
PACKAGE_TARNAME=''
PACKAGE_URL=''
PACKAGE_VERSION=''
PATH_SEPARATOR=':'
PCAP_BUILD=''
PCAP_CLEAN=''
PCAP_DEPENDS=''
PCAP_DIST_CLEAN=''
SHELL='/bin/sh'
STRIP='/usr/bin/strip'
ac_ct_CC='gcc'
ac_ct_CXX='g++'
bindir='${exec_prefix}/bin'
build='x86_64-apple-darwin19.6.0'
build_alias=''
build_cpu='x86_64'
build_os='darwin19.6.0'
build_vendor='apple'
datadir='${datarootdir}'
datarootdir='${prefix}/share'
docdir='${datarootdir}/doc/${PACKAGE}'
dvidir='${docdir}'
exec_prefix='${prefix}'
host='x86_64-apple-darwin19.6.0'
host_alias=''
host_cpu='x86_64'
host_os='darwin19.6.0'
host_vendor='apple'
htmldir='${docdir}'
includedir='${prefix}/include'
infodir='${datarootdir}/info'
libdir='${exec_prefix}/lib'
libexecdir='${exec_prefix}/libexec'
libpcapdir='../libpcap'
localedir='${datarootdir}/locale'
localstatedir='${prefix}/var'
mandir='${datarootdir}/man'
oldincludedir='/usr/include'
pcredir='libpcre'
pdfdir='${docdir}'
prefix='/usr/local'
program_transform_name='s,x,x,'
psdir='${docdir}'
sbindir='${exec_prefix}/sbin'
sharedstatedir='${prefix}/com'
subdirs=' libdnet-stripped'
sysconfdir='${prefix}/etc'
target_alias=''

## ----------- ##
## confdefs.h. ##
## ----------- ##

/* confdefs.h */
#define PACKAGE_NAME ""
#define PACKAGE_TARNAME ""
#define PACKAGE_VERSION ""
#define PACKAGE_STRING ""
#define PACKAGE_BUGREPORT ""
#define PACKAGE_URL ""
#define STDC_HEADERS 1
#define HAVE_SYS_TYPES_H 1
#define HAVE_SYS_STAT_H 1
#define HAVE_STDLIB_H 1
#define HAVE_STRING_H 1
#define HAVE_MEMORY_H 1
#define HAVE_STRINGS_H 1
#define HAVE_INTTYPES_H 1
#define HAVE_STDINT_H 1
#define HAVE_UNISTD_H 1
#define HAVE_PWD_H 1
#define HAVE_TERMIOS_H 1
#define HAVE_SYS_SOCKIO_H 1
#define HAVE_OPENSSL 1
#define HAVE_SYS_IOCCOM_H 1
#define HAVE_SYS_TIME_H 1
#define HAVE_NET_BPF_H 1
#define HAVE_LIBPCAP 1
#define HAVE_SOCKADDR_SA_LEN 1
#define HAVE_SOCKADDR_IN_SIN_LEN 1
#define HAVE_SOCKADDR_IN6_SIN6_LEN 1
#define HAVE_IP_IP_SUM 1
#define MACOSX 1
#define HAVE_LIBM 1
#define HAVE_STRERROR 1

configure: exit 0
